[LAST SCRAPED] 17085098
[UPDATING UP TO BLOCK] 17085164
Mongodb Connected 
[SLAVE 0] scraped 17085098 0.163. Pairs updated: 53
[SCRAPED CB] 17085098
[SLAVE 0] scraped 17085099 0.097. Pairs updated: 51
[SCRAPED CB] 17085099
[SLAVE 0] scraped 17085100 0.24. Pairs updated: 68
[SCRAPED CB] 17085100
[SLAVE 0] scraped 17085101 0.153. Pairs updated: 30
[SCRAPED CB] 17085101
[SLAVE 0] scraped 17085102 1.132. Pairs updated: 47
[SCRAPED CB] 17085102
[SLAVE 0] scraped 17085103 0.3. Pairs updated: 50
[SCRAPED CB] 17085103
[SLAVE 0] scraped 17085104 0.122. Pairs updated: 54
[SCRAPED CB] 17085104
[SCRAPED CB] 17085105
[SLAVE 0] scraped 17085105 0.283. Pairs updated: 75
[SLAVE 0] scraped 17085106 0.114. Pairs updated: 68
[SCRAPED CB] 17085106
[SLAVE 0] scraped 17085107 0.147. Pairs updated: 51
[SCRAPED CB] 17085107
[SLAVE 0] scraped 17085108 0.195. Pairs updated: 70
[SCRAPED CB] 17085108
