	[20848928]
	[UPDATE 00:40:24:43] 0x7592054649b998213496570b52217069a16a9EA4 0xfec0a9cece0416db09fa162b9123f5b61c244fe20fad69143861afca440fc1f6
	1342032435049788,249647387167593840918
	[20848928]
	[UPDATE 00:40:24:44] 0xa746dF1469fd1197a844F5fEA179Aedd2FECA2D0 0x1a2c640160782dbd410013f320d4fb719bbda6a6f21bd145194e86f288f4d026
	1307045276421503989,38529813106905540569425989
	[20848928]
	[UPDATE 00:40:24:44] 0xa746dF1469fd1197a844F5fEA179Aedd2FECA2D0 0xc6d516e489efa7c75aa961e96d2d65c9a8b37ad576bfa4be75479c5b40219848
	1312045276421503989,38383347678355182753360698
	[20848928]
	[UPDATE 00:40:24:44] 0x41138B6466E1d92ae05495735d46586b74efad75 0x0a3405d1148c6346737525cad692013c1165a15083bcfe0b0dfd59be0ae76a68
	6115485521931140725538322,111927647086671789037
	[20848928]
	[UPDATE 00:40:24:45] 0x5a13Be0Fc060f8042bDc5E4A3771D4f78aF24141 0xaa466f114c07bcd058b2a18b10779983e63ea60f8ea4fb255b40cffadade06a9
	1887607760821352680873360,912160401998073912201328
	[20848928]
	[UPDATE 00:40:24:45] 0x58F876857a02D6762E0101bb5C46A8c1ED44Dc16 0xa67576f4de3a97eec23e024e02779161aa567e001c2bd7387a420c88d3405a26
	333462396353786621993025,93055515830530816413454448
	[20848928]
	[UPDATE 00:40:24:46] 0x16DcE2d4172d895Ea042f29df38F812a9b065661 0x8f125bc53c47bacbc660dd4713038e4f2a11eefcf29fb718359c339f6538a74f
	42125513548186116747,829203829676946210440279
	[20848928]
	[UPDATE 00:40:24:46] 0x74E4716E431f45807DCF19f284c7aA99F18a4fbc 0x2cc02286b9d3b7aee4a508f4f5dc4b24286b68e449299541cd36e5eb1c38157b
	16279534540366323038758,85470885562089547449781
	[20848928]
	[UPDATE 00:40:24:46] 0x74E4716E431f45807DCF19f284c7aA99F18a4fbc 0x2cc02286b9d3b7aee4a508f4f5dc4b24286b68e449299541cd36e5eb1c38157b
	16279525040741906287218,85470935562089547449781
	[20848928]
	[UPDATE 00:40:24:46] 0x84821bb588f049913Dc579Dc511E5e31EB22d5E4 0x2cc02286b9d3b7aee4a508f4f5dc4b24286b68e449299541cd36e5eb1c38157b
	4399283178729451059343,20517257164297707682477839
	[20848928]
	[UPDATE 00:40:24:46] 0x84821bb588f049913Dc579Dc511E5e31EB22d5E4 0x2cc02286b9d3b7aee4a508f4f5dc4b24286b68e449299541cd36e5eb1c38157b
	4399292654625268614177,20517301357722739033956215
	[20848928]
	[UPDATE 00:40:24:46] 0x58F876857a02D6762E0101bb5C46A8c1ED44Dc16 0x1d898c8126df79fd4789e3c725d1063353815b7625dacc96114919f54476149d
	333462257281863786258095,93055554737015265641891490
	[20848928]
	[UPDATE 00:40:24:46] 0x9191B027C26d44b86177E64f992cf4DCd1F4E0eF 0x1d898c8126df79fd4789e3c725d1063353815b7625dacc96114919f54476149d
	8775671340431265912654,121878908299786431064
	[20848928]
	[UPDATE 00:40:24:46] 0xa746dF1469fd1197a844F5fEA179Aedd2FECA2D0 0x8cb23da92190fa2dacad8d1c01ff0ffed67948f869f1bda8b5b2496004e3241c
	1342045276421503989,37527425830117461897470544
	[20848928]
	[UPDATE 00:40:24:46] 0xDe86464A0EBBEb88829929E53F2acf9D125ED68F 0xe51eb947933bf9bb2e0ff460decf9ea853e0d81e4c5349e45617184553833c37
	48625095215799397160735984502,127363978532078237578344
	[20848928]
	[UPDATE 00:40:24:46] 0x0eD7e52944161450477ee417DE9Cd3a859b14fD0 0x865ba5c106f701bc987e0b504307f5be895677eef87695d7d3394616a75b36d8
	24107355215761519710690693,331580241816312617974501
	[20848928]
	[UPDATE 00:40:24:47] 0x16b9a82891338f9bA80E2D6970FddA79D1eb0daE 0xedae1c19e1a76dfebca4c2c6b8bedd2ca010624d7bfa1974eed32b45757e3cff
	82358126228371654930556119,294650299009470475032402
	[20848928]
	[UPDATE 00:40:24:47] 0xDd8124318D3DbfB486B4D9fbaBa8A97409EEBD71 0xedae1c19e1a76dfebca4c2c6b8bedd2ca010624d7bfa1974eed32b45757e3cff
	401666795407381509357015,858469857416943552316
	[20848928]
	[UPDATE 00:40:24:47] 0xAC1F5e57d53e9Ac3c092EB876e46C235df95672A 0x8900e0a45a81112976f50006571104860e38c52ed899159b2872f6a125f83530
	1742263336767412829467375,25920866485123320852130
	[20848928]
	[UPDATE 00:40:24:48] 0xa746dF1469fd1197a844F5fEA179Aedd2FECA2D0 0xfd38c258ba36806fd870f1d8241004b674fec59bfb01b259419867db2c17687b
	1357045276421503989,37113644775403209354745087
[SCRAPING BLOCK][NEW] 20848928 00:40:24:48	[20848929]
	[UPDATE 00:40:24:48] 0xa746dF1469fd1197a844F5fEA179Aedd2FECA2D0 0xe316959957d84e8e1d3e20ce48209c5b3c9f88677ebf5c60bbdc3161b34ed706
	1367045276421503989,36842830499258195017269152
	[20848929]
	[UPDATE 00:40:24:48] 0xF1A12EC907B3d87b6De7a9A5C3820566c621f68B 0x21734c80d438b9265e295a15ec222411e6213f44b1655c1bafd1b6a706701fd5
	735224339799196479904163,2483118961549922619582
	[20848929]
	[UPDATE 00:40:24:48] 0xbc82B318Ba60439a8fD1e03f05F23bf6A64CcE77 0x2043c1d52ea667ef2f0ed3f08df133ba872361b19c6eec6b6edbbeb423b0b003
	97000126568643041165705475,1454019277011529035318
	[20848929]
	[UPDATE 00:40:24:48] 0x7D9a46aC9CB22A6c4E6A94253c309C0551F717fe 0xbb83e8ca59dd5e22bc27fcbf3c1a7d5d3350f36f30411715ff2e780a632ea362
	8168482507703682212446971,515283224580725863166058
	[20848929]
	[UPDATE 00:40:24:49] 0x15DfE422b03B2059AAA370434CD3fC13FD264163 0x36693be8c4eced9fd5551c74e178076830c198dccf86eddbe4c58606c4ace893
	34689615001502711840456,26977096176052238973
	[20848929]
	[UPDATE 00:40:24:49] 0x15DfE422b03B2059AAA370434CD3fC13FD264163 0x36693be8c4eced9fd5551c74e178076830c198dccf86eddbe4c58606c4ace893
	34693255405014342694655,26979927211093955337
	[20848929]
	[UPDATE 00:40:24:49] 0x15DfE422b03B2059AAA370434CD3fC13FD264163 0x36693be8c4eced9fd5551c74e178076830c198dccf86eddbe4c58606c4ace893
	34707107775989981813300,26969185838026739800
	[20848929]
	[UPDATE 00:40:24:49] 0xC1Dd3FEBaE66f04F8cB43B5E62892A396D8b6cC8 0x39a50faf2003aa04bb6f948ef8071cc0631f5550650c5886576a93a59b377a12
	10225077584971472751,953835905965347773267
	[20848929]
	[UPDATE 00:40:25:50] 0x53a63ac301D6410915385294527f947aFf616599 0x12765697ee9414a77a3db8305dd38b9bc3a25d46ae113f37becf43eca3dea138
	9149574362987778429915465,4920090055262332859073
	[20848929]
	[UPDATE 00:40:25:50] 0x50808249bC0d5af4D387dE4c5683B619788188e3 0xeaeebce8f5b813a01c5ec64d5c793411b41739dedeccfab01d6ee8a0696276f6
	50136458848236843316606788,487366516192006155822
	[20848929]
	[UPDATE 00:40:25:50] 0xc2D00fa9F923e9Ee486984Ff341CC3CBC3875C88 0xf569bf9e1efb1ec3dc6a77bd978e278e42c343ef537ed90c3520b9ae94ca294d
	853433339839770798302897,45061154224139683018
	[20848929]
	[UPDATE 00:40:25:50] 0x8a723A8A9B030c56b518A70Fbaf959c430d5335f 0xa58acdc21b0fe9b01db9fe69bf516dce0324e1d4a6462ad2ca894c9ea684e251
	3112946835098224668256,416746199980440177571133
	[20848929]
	[UPDATE 00:40:25:50] 0x2fa22acDb65ce9763d927656909F14e4E66b5F08 0xd941c7ef1113a65d18e32ee1b9c937005c2135fd12ca050a37844c0edbe0dd4d
	31922738255950018530409080,459223434509116231880
	[20848929]
	[UPDATE 00:40:25:50] 0x0eD7e52944161450477ee417DE9Cd3a859b14fD0 0xe16c5595ace0b19b2a79d27b6353c18d88064828da7375be627fadbae2e52f7d
	24107354911166279514559133,331580246016312617974501
	[20848929]
	[UPDATE 00:40:25:50] 0xA9fDF4cBA9A215315a5e0b8ef1Ed758d11F66695 0xe16c5595ace0b19b2a79d27b6353c18d88064828da7375be627fadbae2e52f7d
	6670001458458326252,4530938446343402823180
	[20848929]
	[UPDATE 00:40:25:50] 0x82f504D655ec6dbA8d5eBbd0036a908A719A295f 0x200da390628f9674c29e2c1773b5fe659c05a3d6086895d9ccc774257d481ed8
	2949422914557029671020503,45013448223388305676
	[20848929]
	[UPDATE 00:40:25:51] 0xA9fDF4cBA9A215315a5e0b8ef1Ed758d11F66695 0x200da390628f9674c29e2c1773b5fe659c05a3d6086895d9ccc774257d481ed8
	5811471408615685365,5201972643382979959514
	[20848929]
	[UPDATE 00:40:25:51] 0x0eD7e52944161450477ee417DE9Cd3a859b14fD0 0x200da390628f9674c29e2c1773b5fe659c05a3d6086895d9ccc774257d481ed8
	24107355769696329357200020,331580234237338230887237
[SCRAPING BLOCK][NEW] 20848929 00:40:25:51